This file contains any messages produced by compilers while
running configure, to aid debugging if configure makes a mistake.

It was created by MothDB configure 0.1, which was
generated by GNU Autoconf 2.61.  Invocation command line was

  $ ./configure 

## --------- ##
## Platform. ##
## --------- ##

hostname = papilio
uname -m = i686
uname -r = 2.6.18-4-686
uname -s = Linux
uname -v = #1 SMP Wed May 9 23:03:12 UTC 2007

/usr/bin/uname -p = unknown
/bin/uname -X     = unknown

/bin/arch              = i686
/usr/bin/arch -k       = unknown
/usr/convex/getsysinfo = unknown
/usr/bin/hostinfo      = unknown
/bin/machine           = unknown
/usr/bin/oslevel       = unknown
/bin/universe          = unknown

PATH: /usr/local/bin
PATH: /usr/bin
PATH: /bin
PATH: /usr/bin/X11
PATH: /usr/games


## ----------- ##
## Core tests. ##
## ----------- ##

configure:1731: checking for a BSD-compatible install
configure:1787: result: /usr/bin/install -c
configure:1798: checking whether build environment is sane
configure:1841: result: yes
configure:1865: WARNING: `missing' script is too old or missing
configure:1906: checking for gawk
configure:1936: result: no
configure:1906: checking for mawk
configure:1922: found /usr/bin/mawk
configure:1933: result: mawk
configure:1944: checking whether make sets $(MAKE)
configure:1965: result: yes
configure:2192: checking for ranlib
configure:2208: found /usr/bin/ranlib
configure:2219: result: ranlib
configure:2303: checking for g++
configure:2319: found /usr/bin/g++
configure:2330: result: g++
configure:2361: checking for C++ compiler version
configure:2368: g++ --version >&5
g++ (GCC) 4.1.2 20061115 (prerelease) (Debian 4.1.1-21)
Copyright (C) 2006 Free Software Foundation, Inc.
This is free software; see the source for copying conditions.  There is NO
warranty; not even for MERCHANTABILITY or FITNESS FOR A PARTICULAR PURPOSE.

configure:2371: $? = 0
configure:2378: g++ -v >&5
Using built-in specs.
Target: i486-linux-gnu
Configured with: ../src/configure -v --enable-languages=c,c++,fortran,objc,obj-c++,treelang --prefix=/usr --enable-shared --with-system-zlib --libexecdir=/usr/lib --without-included-gettext --enable-threads=posix --enable-nls --program-suffix=-4.1 --enable-__cxa_atexit --enable-clocale=gnu --enable-libstdcxx-debug --enable-mpfr --with-tune=i686 --enable-checking=release i486-linux-gnu
Thread model: posix
gcc version 4.1.2 20061115 (prerelease) (Debian 4.1.1-21)
configure:2381: $? = 0
configure:2388: g++ -V >&5
g++: '-V' option must have argument
configure:2391: $? = 1
configure:2414: checking for C++ compiler default output file name
configure:2441: g++    conftest.cpp  >&5
configure:2444: $? = 0
configure:2482: result: a.out
configure:2499: checking whether the C++ compiler works
configure:2509: ./a.out
configure:2512: $? = 0
configure:2529: result: yes
configure:2536: checking whether we are cross compiling
configure:2538: result: no
configure:2541: checking for suffix of executables
configure:2548: g++ -o conftest    conftest.cpp  >&5
configure:2551: $? = 0
configure:2575: result: 
configure:2581: checking for suffix of object files
configure:2607: g++ -c   conftest.cpp >&5
configure:2610: $? = 0
configure:2633: result: o
configure:2637: checking whether we are using the GNU C++ compiler
configure:2666: g++ -c   conftest.cpp >&5
configure:2672: $? = 0
configure:2689: result: yes
configure:2694: checking whether g++ accepts -g
configure:2724: g++ -c -g  conftest.cpp >&5
configure:2730: $? = 0
configure:2829: result: yes
configure:2863: checking for style of include used by make
configure:2891: result: GNU
configure:2919: checking dependency style of g++
configure:3009: result: gcc3
configure:3172: creating ./config.status

## ---------------------- ##
## Running config.status. ##
## ---------------------- ##

This file was extended by MothDB config.status 0.1, which was
generated by GNU Autoconf 2.61.  Invocation command line was

  CONFIG_FILES    = 
  CONFIG_HEADERS  = 
  CONFIG_LINKS    = 
  CONFIG_COMMANDS = 
  $ ./config.status 

on papilio

config.status:623: creating Makefile
config.status:623: creating src/Makefile
config.status:623: creating src/QtGUI/Makefile
config.status:623: creating src/QtGUI/Dialogs/Makefile
config.status:623: creating src/QtGUI/TablesView/Makefile
config.status:623: creating src/QtGUI/TreeViewItems/Makefile
config.status:623: creating src/QtGUI/QueriesSheet/Makefile
config.status:623: creating src/QtGUI/TableDataView/Makefile
config.status:623: creating src/QtGUI/CommonActions/Makefile
config.status:623: creating src/QtGUI/QueryRunner/Makefile
config.status:808: executing depfiles commands

## ---------------- ##
## Cache variables. ##
## ---------------- ##

ac_cv_cxx_compiler_gnu=yes
ac_cv_env_CCC_set=
ac_cv_env_CCC_value=
ac_cv_env_CPPFLAGS_set=
ac_cv_env_CPPFLAGS_value=
ac_cv_env_CXXFLAGS_set=
ac_cv_env_CXXFLAGS_value=
ac_cv_env_CXX_set=
ac_cv_env_CXX_value=
ac_cv_env_LDFLAGS_set=
ac_cv_env_LDFLAGS_value=
ac_cv_env_LIBS_set=
ac_cv_env_LIBS_value=
ac_cv_env_build_alias_set=
ac_cv_env_build_alias_value=
ac_cv_env_host_alias_set=
ac_cv_env_host_alias_value=
ac_cv_env_target_alias_set=
ac_cv_env_target_alias_value=
ac_cv_objext=o
ac_cv_path_install='/usr/bin/install -c'
ac_cv_prog_AWK=mawk
ac_cv_prog_ac_ct_CXX=g++
ac_cv_prog_ac_ct_RANLIB=ranlib
ac_cv_prog_cxx_g=yes
ac_cv_prog_make_make_set=yes
am_cv_CXX_dependencies_compiler_type=gcc3

## ----------------- ##
## Output variables. ##
## ----------------- ##

ACLOCAL='aclocal-1.9'
AMDEPBACKSLASH='\'
AMDEP_FALSE='#'
AMDEP_TRUE=''
AMTAR='tar'
AUTOCONF='autoconf'
AUTOHEADER='autoheader'
AUTOMAKE='automake-1.9'
AWK='mawk'
CPPFLAGS=''
CXX='g++'
CXXDEPMODE='depmode=gcc3'
CXXFLAGS='-g -O2'
CYGPATH_W='echo'
DEFS='-DPACKAGE_NAME=\"MothDB\" -DPACKAGE_TARNAME=\"mothdb\" -DPACKAGE_VERSION=\"0.1\" -DPACKAGE_STRING=\"MothDB\ 0.1\" -DPACKAGE_BUGREPORT=\"martinej.waller@ntlworld.com\" -DPACKAGE=\"mothdb\" -DVERSION=\"0.1\"'
DEPDIR='.deps'
ECHO_C=''
ECHO_N='-n'
ECHO_T=''
EXEEXT=''
INSTALL_DATA='${INSTALL} -m 644'
INSTALL_PROGRAM='${INSTALL}'
INSTALL_SCRIPT='${INSTALL}'
INSTALL_STRIP_PROGRAM='${SHELL} $(install_sh) -c -s'
LDFLAGS=''
LIBOBJS=''
LIBS=''
LTLIBOBJS=''
MAKEINFO='makeinfo'
OBJEXT='o'
PACKAGE='mothdb'
PACKAGE_BUGREPORT='martinej.waller@ntlworld.com'
PACKAGE_NAME='MothDB'
PACKAGE_STRING='MothDB 0.1'
PACKAGE_TARNAME='mothdb'
PACKAGE_VERSION='0.1'
PATH_SEPARATOR=':'
RANLIB='ranlib'
SET_MAKE=''
SHELL='/bin/sh'
STRIP=''
VERSION='0.1'
ac_ct_CXX='g++'
am__fastdepCXX_FALSE='#'
am__fastdepCXX_TRUE=''
am__include='include'
am__leading_dot='.'
am__quote=''
am__tar='${AMTAR} chof - "$$tardir"'
am__untar='${AMTAR} xf -'
bindir='${exec_prefix}/bin'
build_alias=''
datadir='${datarootdir}'
datarootdir='${prefix}/share'
docdir='${datarootdir}/doc/${PACKAGE_TARNAME}'
dvidir='${docdir}'
exec_prefix='${prefix}'
host_alias=''
htmldir='${docdir}'
includedir='${prefix}/include'
infodir='${datarootdir}/info'
install_sh='/home/martin/MothDB/install-sh'
libdir='${exec_prefix}/lib'
libexecdir='${exec_prefix}/libexec'
localedir='${datarootdir}/locale'
localstatedir='${prefix}/var'
mandir='${datarootdir}/man'
mkdir_p='mkdir -p --'
oldincludedir='/usr/include'
pdfdir='${docdir}'
prefix='/usr/local'
program_transform_name='s,x,x,'
psdir='${docdir}'
sbindir='${exec_prefix}/sbin'
sharedstatedir='${prefix}/com'
sysconfdir='${prefix}/etc'
target_alias=''

## ----------- ##
## confdefs.h. ##
## ----------- ##

#define PACKAGE_NAME "MothDB"
#define PACKAGE_TARNAME "mothdb"
#define PACKAGE_VERSION "0.1"
#define PACKAGE_STRING "MothDB 0.1"
#define PACKAGE_BUGREPORT "martinej.waller@ntlworld.com"
#define PACKAGE "mothdb"
#define VERSION "0.1"

configure: exit 0
